#
# There is insufficient memory for the Java Runtime Environment to continue.
# Native memory allocation (mmap) failed to map 65536 bytes for Failed to commit metaspace.
# Possible reasons:
#   The system is out of physical RAM or swap space
#   The process is running with CompressedOops enabled, and the Java Heap may be blocking the growth of the native heap
# Possible solutions:
#   Reduce memory load on the system
#   Increase physical memory or swap space
#   Check if swap backing store is full
#   Decrease Java heap size (-Xmx/-Xms)
#   Decrease number of Java threads
#   Decrease Java thread stack sizes (-Xss)
#   Set larger code cache with -XX:ReservedCodeCacheSize=
#   JVM is running with Unscaled Compressed Oops mode in which the Java heap is
#     placed in the first 4GB address space. The Java Heap base address is the
#     maximum limit for the native heap growth. Please use -XX:HeapBaseMinAddress
#     to set the Java Heap base and to place the Java Heap above 4GB virtual address.
# This output file may be truncated or incomplete.
#
#  Out of Memory Error (virtualSpaceNode.cpp:110), pid=5840, tid=16320
#
# JRE version: OpenJDK Runtime Environment Temurin-17.0.6+10 (17.0.6+10) (build 17.0.6+10)
# Java VM: OpenJDK 64-Bit Server VM Temurin-17.0.6+10 (17.0.6+10, mixed mode, tiered, compressed oops, compressed class ptrs, g1 gc, windows-amd64)
# No core dump will be written. Minidumps are not enabled by default on client versions of Windows
#

---------------  S U M M A R Y ------------

Command Line: -Dfile.encoding=UTF-8 -XX:+ShowCodeDetailsInExceptionMessages com.shop.shoppingapp.ShoppingApplication

Host: Intel(R) Core(TM) i5-7200U CPU @ 2.50GHz, 4 cores, 7G,  Windows 10 , 64 bit Build 19041 (10.0.19041.2788)
Time: Sat Apr 22 20:02:26 2023 Eastern Daylight Time elapsed time: 813.774652 seconds (0d 0h 13m 33s)

---------------  T H R E A D  ---------------

Current thread (0x000002d5bbf8fd10):  JavaThread "http-nio-8080-exec-6" daemon [_thread_in_vm, id=16320, stack(0x000000dc0f400000,0x000000dc0f500000)]

Stack: [0x000000dc0f400000,0x000000dc0f500000]
Native frames: (J=compiled Java code, j=interpreted, Vv=VM code, C=native code)
V  [jvm.dll+0x67741a]
V  [jvm.dll+0x834434]
V  [jvm.dll+0x835bde]
V  [jvm.dll+0x836243]
V  [jvm.dll+0x2457b5]
V  [jvm.dll+0x8304cb]
V  [jvm.dll+0x61bca6]
V  [jvm.dll+0x1c05fe]
V  [jvm.dll+0x61e5f1]
V  [jvm.dll+0x61c646]
V  [jvm.dll+0x239e4f]
V  [jvm.dll+0x626445]
V  [jvm.dll+0x1ea42b]
V  [jvm.dll+0x1ea965]
V  [jvm.dll+0x1eb39f]
V  [jvm.dll+0x1e0841]
V  [jvm.dll+0x53c6d0]
V  [jvm.dll+0x7af5e8]
V  [jvm.dll+0x7af6d4]
V  [jvm.dll+0x40bc05]
V  [jvm.dll+0x411d58]
C  [java.dll+0x17ec]

Java frames: (J=compiled Java code, j=interpreted, Vv=VM code)
J 720  java.lang.ClassLoader.defineClass1(Ljava/lang/ClassLoader;Ljava/lang/String;[BIILjava/security/ProtectionDomain;Ljava/lang/String;)Ljava/lang/Class; java.base@17.0.6 (0 bytes) @ 0x000002d5a7812e5b [0x000002d5a7812da0+0x00000000000000bb]
J 4767 c2 java.security.SecureClassLoader.defineClass(Ljava/lang/String;[BIILjava/security/CodeSource;)Ljava/lang/Class; java.base@17.0.6 (16 bytes) @ 0x000002d5a7a84870 [0x000002d5a7a84220+0x0000000000000650]
J 4296 c2 jdk.internal.loader.BuiltinClassLoader.findClassOnClassPathOrNull(Ljava/lang/String;)Ljava/lang/Class; java.base@17.0.6 (64 bytes) @ 0x000002d5a7a45ae0 [0x000002d5a7a43880+0x0000000000002260]
J 2722 c2 jdk.internal.loader.BuiltinClassLoader.loadClassOrNull(Ljava/lang/String;Z)Ljava/lang/Class; java.base@17.0.6 (143 bytes) @ 0x000002d5a791069c [0x000002d5a790f3e0+0x00000000000012bc]
J 4471 c2 java.lang.ClassLoader.loadClass(Ljava/lang/String;)Ljava/lang/Class; java.base@17.0.6 (7 bytes) @ 0x000002d5a7a32a2c [0x000002d5a7a329c0+0x000000000000006c]
v  ~StubRoutines::call_stub
j  com.fasterxml.jackson.core.JsonFactory._createParser(Ljava/io/InputStream;Lcom/fasterxml/jackson/core/io/IOContext;)Lcom/fasterxml/jackson/core/JsonParser;+0
j  com.fasterxml.jackson.core.JsonFactory.createParser(Ljava/io/InputStream;)Lcom/fasterxml/jackson/core/JsonParser;+19
j  com.fasterxml.jackson.databind.ObjectReader.createParser(Ljava/io/InputStream;)Lcom/fasterxml/jackson/core/JsonParser;+16
j  com.fasterxml.jackson.databind.ObjectReader.readValue(Ljava/io/InputStream;)Ljava/lang/Object;+25
j  org.springframework.http.converter.json.AbstractJackson2HttpMessageConverter.readJavaType(Lcom/fasterxml/jackson/databind/JavaType;Lorg/springframework/http/HttpInputMessage;)Ljava/lang/Object;+219
j  org.springframework.http.converter.json.AbstractJackson2HttpMessageConverter.read(Ljava/lang/reflect/Type;Ljava/lang/Class;Lorg/springframework/http/HttpInputMessage;)Ljava/lang/Object;+12
j  org.springframework.web.servlet.mvc.method.annotation.AbstractMessageConverterMethodArgumentResolver.readWithMessageConverters(Lorg/springframework/http/HttpInputMessage;Lorg/springframework/core/MethodParameter;Ljava/lang/reflect/Type;)Ljava/lang/Object;+290
j  org.springframework.web.servlet.mvc.method.annotation.RequestResponseBodyMethodProcessor.readWithMessageConverters(Lorg/springframework/web/context/request/NativeWebRequest;Lorg/springframework/core/MethodParameter;Ljava/lang/reflect/Type;)Ljava/lang/Object;+44
j  org.springframework.web.servlet.mvc.method.annotation.RequestResponseBodyMethodProcessor.resolveArgument(Lorg/springframework/core/MethodParameter;Lorg/springframework/web/method/support/ModelAndViewContainer;Lorg/springframework/web/context/request/NativeWebRequest;Lorg/springframework/web/bind/support/WebDataBinderFactory;)Ljava/lang/Object;+12
j  org.springframework.web.method.support.HandlerMethodArgumentResolverComposite.resolveArgument(Lorg/springframework/core/MethodParameter;Lorg/springframework/web/method/support/ModelAndViewContainer;Lorg/springframework/web/context/request/NativeWebRequest;Lorg/springframework/web/bind/support/WebDataBinderFactory;)Ljava/lang/Object;+39
j  org.springframework.web.method.support.InvocableHandlerMethod.getMethodArgumentValues(Lorg/springframework/web/context/request/NativeWebRequest;Lorg/springframework/web/method/support/ModelAndViewContainer;[Ljava/lang/Object;)[Ljava/lang/Object;+118
j  org.springframework.web.method.support.InvocableHandlerMethod.invokeForRequest(Lorg/springframework/web/context/request/NativeWebRequest;Lorg/springframework/web/method/support/ModelAndViewContainer;[Ljava/lang/Object;)Ljava/lang/Object;+4
j  org.springframework.web.servlet.mvc.method.annotation.ServletInvocableHandlerMethod.invokeAndHandle(Lorg/springframework/web/context/request/ServletWebRequest;Lorg/springframework/web/method/support/ModelAndViewContainer;[Ljava/lang/Object;)V+4
j  org.springframework.web.servlet.mvc.method.annotation.RequestMappingHandlerAdapter.invokeHandlerMethod(Ljakarta/servlet/http/HttpServletRequest;Ljakarta/servlet/http/HttpServletResponse;Lorg/springframework/web/method/HandlerMethod;)Lorg/springframework/web/servlet/ModelAndView;+244
j  org.springframework.web.servlet.mvc.method.annotation.RequestMappingHandlerAdapter.handleInternal(Ljakarta/servlet/http/HttpServletRequest;Ljakarta/servlet/http/HttpServletResponse;Lorg/springframework/web/method/HandlerMethod;)Lorg/springframework/web/servlet/ModelAndView;+81
j  org.springframework.web.servlet.mvc.method.AbstractHandlerMethodAdapter.handle(Ljakarta/servlet/http/HttpServletRequest;Ljakarta/servlet/http/HttpServletResponse;Ljava/lang/Object;)Lorg/springframework/web/servlet/ModelAndView;+7
j  org.springframework.web.servlet.DispatcherServlet.doDispatch(Ljakarta/servlet/http/HttpServletRequest;Ljakarta/servlet/http/HttpServletResponse;)V+259
j  org.springframework.web.servlet.DispatcherServlet.doService(Ljakarta/servlet/http/HttpServletRequest;Ljakarta/servlet/http/HttpServletResponse;)V+242
j  org.springframework.web.servlet.FrameworkServlet.processRequest(Ljakarta/servlet/http/HttpServletRequest;Ljakarta/servlet/http/HttpServletResponse;)V+70
j  org.springframework.web.servlet.FrameworkServlet.doPost(Ljakarta/servlet/http/HttpServletRequest;Ljakarta/servlet/http/HttpServletResponse;)V+3
j  jakarta.servlet.http.HttpServlet.service(Ljakarta/servlet/http/HttpServletRequest;Ljakarta/servlet/http/HttpServletResponse;)V+149
j  org.springframework.web.servlet.FrameworkServlet.service(Ljakarta/servlet/http/HttpServletRequest;Ljakarta/servlet/http/HttpServletResponse;)V+20
j  jakarta.servlet.http.HttpServlet.service(Ljakarta/servlet/ServletRequest;Ljakarta/servlet/ServletResponse;)V+36
j  org.apache.catalina.core.ApplicationFilterChain.internalDoFilter(Ljakarta/servlet/ServletRequest;Ljakarta/servlet/ServletResponse;)V+305
j  org.apache.catalina.core.ApplicationFilterChain.doFilter(Ljakarta/servlet/ServletRequest;Ljakarta/servlet/ServletResponse;)V+99
j  org.apache.tomcat.websocket.server.WsFilter.doFilter(Ljakarta/servlet/ServletRequest;Ljakarta/servlet/ServletResponse;Ljakarta/servlet/FilterChain;)V+21
j  org.apache.catalina.core.ApplicationFilterChain.internalDoFilter(Ljakarta/servlet/ServletRequest;Ljakarta/servlet/ServletResponse;)V+135
j  org.apache.catalina.core.ApplicationFilterChain.doFilter(Ljakarta/servlet/ServletRequest;Ljakarta/servlet/ServletResponse;)V+99
j  org.springframework.web.filter.RequestContextFilter.doFilterInternal(Ljakarta/servlet/http/HttpServletRequest;Ljakarta/servlet/http/HttpServletResponse;Ljakarta/servlet/FilterChain;)V+21
j  org.springframework.web.filter.OncePerRequestFilter.doFilter(Ljakarta/servlet/ServletRequest;Ljakarta/servlet/ServletResponse;Ljakarta/servlet/FilterChain;)V+150
j  org.apache.catalina.core.ApplicationFilterChain.internalDoFilter(Ljakarta/servlet/ServletRequest;Ljakarta/servlet/ServletResponse;)V+135
j  org.apache.catalina.core.ApplicationFilterChain.doFilter(Ljakarta/servlet/ServletRequest;Ljakarta/servlet/ServletResponse;)V+99
j  org.springframework.web.filter.FormContentFilter.doFilterInternal(Ljakarta/servlet/http/HttpServletRequest;Ljakarta/servlet/http/HttpServletResponse;Ljakarta/servlet/FilterChain;)V+38
j  org.springframework.web.filter.OncePerRequestFilter.doFilter(Ljakarta/servlet/ServletRequest;Ljakarta/servlet/ServletResponse;Ljakarta/servlet/FilterChain;)V+150
j  org.apache.catalina.core.ApplicationFilterChain.internalDoFilter(Ljakarta/servlet/ServletRequest;Ljakarta/servlet/ServletResponse;)V+135
j  org.apache.catalina.core.ApplicationFilterChain.doFilter(Ljakarta/servlet/ServletRequest;Ljakarta/servlet/ServletResponse;)V+99
j  org.springframework.web.filter.CharacterEncodingFilter.doFilterInternal(Ljakarta/servlet/http/HttpServletRequest;Ljakarta/servlet/http/HttpServletResponse;Ljakarta/servlet/FilterChain;)V+53
j  org.springframework.web.filter.OncePerRequestFilter.doFilter(Ljakarta/servlet/ServletRequest;Ljakarta/servlet/ServletResponse;Ljakarta/servlet/FilterChain;)V+150
j  org.apache.catalina.core.ApplicationFilterChain.internalDoFilter(Ljakarta/servlet/ServletRequest;Ljakarta/servlet/ServletResponse;)V+135
j  org.apache.catalina.core.ApplicationFilterChain.doFilter(Ljakarta/servlet/ServletRequest;Ljakarta/servlet/ServletResponse;)V+99
j  org.apache.catalina.core.StandardWrapperValve.invoke(Lorg/apache/catalina/connector/Request;Lorg/apache/catalina/connector/Response;)V+514
j  org.apache.catalina.core.StandardContextValve.invoke(Lorg/apache/catalina/connector/Request;Lorg/apache/catalina/connector/Response;)V+169
j  org.apache.catalina.authenticator.AuthenticatorBase.invoke(Lorg/apache/catalina/connector/Request;Lorg/apache/catalina/connector/Response;)V+218
j  org.apache.catalina.core.StandardHostValve.invoke(Lorg/apache/catalina/connector/Request;Lorg/apache/catalina/connector/Response;)V+131
j  org.apache.catalina.valves.ErrorReportValve.invoke(Lorg/apache/catalina/connector/Request;Lorg/apache/catalina/connector/Response;)V+6
j  org.apache.catalina.core.StandardEngineValve.invoke(Lorg/apache/catalina/connector/Request;Lorg/apache/catalina/connector/Response;)V+59
j  org.apache.catalina.connector.CoyoteAdapter.service(Lorg/apache/coyote/Request;Lorg/apache/coyote/Response;)V+187
j  org.apache.coyote.http11.Http11Processor.service(Lorg/apache/tomcat/util/net/SocketWrapperBase;)Lorg/apache/tomcat/util/net/AbstractEndpoint$Handler$SocketState;+785
j  org.apache.coyote.AbstractProcessorLight.process(Lorg/apache/tomcat/util/net/SocketWrapperBase;Lorg/apache/tomcat/util/net/SocketEvent;)Lorg/apache/tomcat/util/net/AbstractEndpoint$Handler$SocketState;+152
j  org.apache.coyote.AbstractProtocol$ConnectionHandler.process(Lorg/apache/tomcat/util/net/SocketWrapperBase;Lorg/apache/tomcat/util/net/SocketEvent;)Lorg/apache/tomcat/util/net/AbstractEndpoint$Handler$SocketState;+482
j  org.apache.tomcat.util.net.NioEndpoint$SocketProcessor.doRun()V+249
j  org.apache.tomcat.util.net.SocketProcessorBase.run()V+32
j  org.apache.tomcat.util.threads.ThreadPoolExecutor.runWorker(Lorg/apache/tomcat/util/threads/ThreadPoolExecutor$Worker;)V+92
j  org.apache.tomcat.util.threads.ThreadPoolExecutor$Worker.run()V+5
j  org.apache.tomcat.util.threads.TaskThread$WrappingRunnable.run()V+4
j  java.lang.Thread.run()V+11 java.base@17.0.6
v  ~StubRoutines::call_stub

---------------  P R O C E S S  ---------------

Threads class SMR info:
_java_thread_list=0x000002d5b9c55940, length=29, elements={
0x000002d5b5cec020, 0x000002d5b5ced110, 0x000002d5b5cf91d0, 0x000002d5b5cfbab0,
0x000002d5b5cfe570, 0x000002d5b681a000, 0x000002d5b68261f0, 0x000002d5b6826c90,
0x000002d5b6839e50, 0x000002d5b6993c20, 0x000002d5b69a9f30, 0x000002d5b9f0dbd0,
0x000002d5b88e6fb0, 0x000002d5b9f0d680, 0x000002d5b8580240, 0x000002d5b8581f20,
0x000002d5b8581a50, 0x000002d5b8580be0, 0x000002d5b85823f0, 0x000002d5b857ea30,
0x000002d5bbf93200, 0x000002d5bbf8fd10, 0x000002d5bbf8e9d0, 0x000002d5bbf8c820,
0x000002d5bbf8eea0, 0x000002d5bbf91ec0, 0x000002d5bbf8ccf0, 0x000002d5bbf8f370,
0x000002d5bbf8f840
}

Java Threads: ( => current thread )
  0x000002d5b5cec020 JavaThread "Reference Handler" daemon [_thread_blocked, id=12548, stack(0x000000dc0d900000,0x000000dc0da00000)]
  0x000002d5b5ced110 JavaThread "Finalizer" daemon [_thread_blocked, id=14364, stack(0x000000dc0da00000,0x000000dc0db00000)]
  0x000002d5b5cf91d0 JavaThread "Signal Dispatcher" daemon [_thread_blocked, id=10740, stack(0x000000dc0db00000,0x000000dc0dc00000)]
  0x000002d5b5cfbab0 JavaThread "Attach Listener" daemon [_thread_blocked, id=7452, stack(0x000000dc0dc00000,0x000000dc0dd00000)]
  0x000002d5b5cfe570 JavaThread "Service Thread" daemon [_thread_blocked, id=14980, stack(0x000000dc0dd00000,0x000000dc0de00000)]
  0x000002d5b681a000 JavaThread "Monitor Deflation Thread" daemon [_thread_blocked, id=11800, stack(0x000000dc0de00000,0x000000dc0df00000)]
  0x000002d5b68261f0 JavaThread "C2 CompilerThread0" daemon [_thread_blocked, id=16568, stack(0x000000dc0df00000,0x000000dc0e000000)]
  0x000002d5b6826c90 JavaThread "C1 CompilerThread0" daemon [_thread_blocked, id=6448, stack(0x000000dc0e000000,0x000000dc0e100000)]
  0x000002d5b6839e50 JavaThread "Sweeper thread" daemon [_thread_blocked, id=8464, stack(0x000000dc0e100000,0x000000dc0e200000)]
  0x000002d5b6993c20 JavaThread "Notification Thread" daemon [_thread_blocked, id=5476, stack(0x000000dc0e200000,0x000000dc0e300000)]
  0x000002d5b69a9f30 JavaThread "Common-Cleaner" daemon [_thread_blocked, id=7956, stack(0x000000dc0e400000,0x000000dc0e500000)]
  0x000002d5b9f0dbd0 JavaThread "Catalina-utility-1" [_thread_blocked, id=14596, stack(0x000000dc0e900000,0x000000dc0ea00000)]
  0x000002d5b88e6fb0 JavaThread "Catalina-utility-2" [_thread_blocked, id=15452, stack(0x000000dc0ea00000,0x000000dc0eb00000)]
  0x000002d5b9f0d680 JavaThread "container-0" [_thread_blocked, id=8264, stack(0x000000dc0eb00000,0x000000dc0ec00000)]
  0x000002d5b8580240 JavaThread "mysql-cj-abandoned-connection-cleanup" daemon [_thread_blocked, id=14792, stack(0x000000dc0ec00000,0x000000dc0ed00000)]
  0x000002d5b8581f20 JavaThread "HikariPool-1 housekeeper" daemon [_thread_blocked, id=14776, stack(0x000000dc0e500000,0x000000dc0e600000)]
  0x000002d5b8581a50 JavaThread "http-nio-8080-exec-1" daemon [_thread_blocked, id=4044, stack(0x000000dc0ef00000,0x000000dc0f000000)]
  0x000002d5b8580be0 JavaThread "http-nio-8080-exec-2" daemon [_thread_blocked, id=12344, stack(0x000000dc0f000000,0x000000dc0f100000)]
  0x000002d5b85823f0 JavaThread "http-nio-8080-exec-3" daemon [_thread_blocked, id=12724, stack(0x000000dc0f100000,0x000000dc0f200000)]
  0x000002d5b857ea30 JavaThread "http-nio-8080-exec-4" daemon [_thread_blocked, id=10952, stack(0x000000dc0f200000,0x000000dc0f300000)]
  0x000002d5bbf93200 JavaThread "http-nio-8080-exec-5" daemon [_thread_blocked, id=11100, stack(0x000000dc0f300000,0x000000dc0f400000)]
=>0x000002d5bbf8fd10 JavaThread "http-nio-8080-exec-6" daemon [_thread_in_vm, id=16320, stack(0x000000dc0f400000,0x000000dc0f500000)]
  0x000002d5bbf8e9d0 JavaThread "http-nio-8080-exec-7" daemon [_thread_blocked, id=11056, stack(0x000000dc0f500000,0x000000dc0f600000)]
  0x000002d5bbf8c820 JavaThread "http-nio-8080-exec-8" daemon [_thread_blocked, id=6540, stack(0x000000dc0f600000,0x000000dc0f700000)]
  0x000002d5bbf8eea0 JavaThread "http-nio-8080-exec-9" daemon [_thread_blocked, id=8800, stack(0x000000dc0f700000,0x000000dc0f800000)]
  0x000002d5bbf91ec0 JavaThread "http-nio-8080-exec-10" daemon [_thread_blocked, id=9984, stack(0x000000dc0f800000,0x000000dc0f900000)]
  0x000002d5bbf8ccf0 JavaThread "http-nio-8080-Poller" daemon [_thread_in_native, id=16600, stack(0x000000dc0f900000,0x000000dc0fa00000)]
  0x000002d5bbf8f370 JavaThread "http-nio-8080-Acceptor" daemon [_thread_in_native, id=14372, stack(0x000000dc0fa00000,0x000000dc0fb00000)]
  0x000002d5bbf8f840 JavaThread "DestroyJavaVM" [_thread_blocked, id=1972, stack(0x000000dc0d200000,0x000000dc0d300000)]

Other Threads:
  0x000002d5b5c71630 VMThread "VM Thread" [stack: 0x000000dc0d800000,0x000000dc0d900000] [id=10868]
  0x000002d59c6ba4a0 WatcherThread [stack: 0x000000dc0e300000,0x000000dc0e400000] [id=12536]
  0x000002d59c69df70 GCTaskThread "GC Thread#0" [stack: 0x000000dc0d300000,0x000000dc0d400000] [id=16780]
  0x000002d5b7e14ac0 GCTaskThread "GC Thread#1" [stack: 0x000000dc0e600000,0x000000dc0e700000] [id=16124]
  0x000002d5b7e14d70 GCTaskThread "GC Thread#2" [stack: 0x000000dc0e700000,0x000000dc0e800000] [id=2896]
  0x000002d5b71d7cd0 GCTaskThread "GC Thread#3" [stack: 0x000000dc0e800000,0x000000dc0e900000] [id=10084]
  0x000002d59c6af250 ConcurrentGCThread "G1 Main Marker" [stack: 0x000000dc0d400000,0x000000dc0d500000] [id=12884]
  0x000002d59c6afc60 ConcurrentGCThread "G1 Conc#0" [stack: 0x000000dc0d500000,0x000000dc0d600000] [id=10184]
  0x000002d5b5b204a0 ConcurrentGCThread "G1 Refine#0" [stack: 0x000000dc0d600000,0x000000dc0d700000] [id=16552]
  0x000002d5b5b20ec0 ConcurrentGCThread "G1 Service" [stack: 0x000000dc0d700000,0x000000dc0d800000] [id=4268]

Threads with active compile tasks:

VM state: not at safepoint (normal execution)

VM Mutex/Monitor currently owned by a thread:  ([mutex/lock_event])
[0x000002d59c630f10] Metaspace_lock - owner thread: 0x000002d5bbf8fd10

Heap address: 0x0000000082000000, size: 2016 MB, Compressed Oops mode: 32-bit

CDS archive(s) not mapped
Compressed class space mapped at: 0x0000000100000000-0x0000000140000000, reserved size: 1073741824
Narrow klass base: 0x0000000000000000, Narrow klass shift: 3, Narrow klass range: 0x140000000

GC Precious Log:
 CPUs: 4 total, 4 available
 Memory: 8058M
 Large Page Support: Disabled
 NUMA Support: Disabled
 Compressed Oops: Enabled (32-bit)
 Heap Region Size: 1M
 Heap Min Capacity: 8M
 Heap Initial Capacity: 126M
 Heap Max Capacity: 2016M
 Pre-touch: Disabled
 Parallel Workers: 4
 Concurrent Workers: 1
 Concurrent Refinement Workers: 4
 Periodic GC: Disabled

Heap:
 garbage-first heap   total 53248K, used 39335K [0x0000000082000000, 0x0000000100000000)
  region size 1024K, 13 young (13312K), 2 survivors (2048K)
 Metaspace       used 77930K, committed 78464K, reserved 1122304K
  class space    used 10099K, committed 10368K, reserved 1048576K

Heap Regions: E=young(eden), S=young(survivor), O=old, HS=humongous(starts), HC=humongous(continues), CS=collection set, F=free, OA=open archive, CA=closed archive, TAMS=top-at-mark-start (previous, next)
|   0|0x0000000082000000, 0x0000000082100000, 0x0000000082100000|100%|HS|  |TAMS 0x0000000082100000, 0x0000000082000000| Complete 
|   1|0x0000000082100000, 0x0000000082200000, 0x0000000082200000|100%| O|  |TAMS 0x0000000082200000, 0x0000000082100000| Untracked 
|   2|0x0000000082200000, 0x0000000082300000, 0x0000000082300000|100%| O|  |TAMS 0x0000000082300000, 0x0000000082200000| Untracked 
|   3|0x0000000082300000, 0x0000000082400000, 0x0000000082400000|100%| O|  |TAMS 0x0000000082400000, 0x0000000082300000| Untracked 
|   4|0x0000000082400000, 0x0000000082500000, 0x0000000082500000|100%| O|  |TAMS 0x0000000082500000, 0x0000000082400000| Untracked 
|   5|0x0000000082500000, 0x00000000825a3a00, 0x0000000082600000| 63%| O|  |TAMS 0x00000000825a3a00, 0x0000000082500000| Untracked 
|   6|0x0000000082600000, 0x0000000082700000, 0x0000000082700000|100%| O|  |TAMS 0x0000000082700000, 0x0000000082600000| Untracked 
|   7|0x0000000082700000, 0x0000000082800000, 0x0000000082800000|100%| O|  |TAMS 0x0000000082800000, 0x0000000082700000| Untracked 
|   8|0x0000000082800000, 0x0000000082900000, 0x0000000082900000|100%| O|  |TAMS 0x0000000082900000, 0x0000000082800000| Untracked 
|   9|0x0000000082900000, 0x0000000082a00000, 0x0000000082a00000|100%| O|  |TAMS 0x0000000082a00000, 0x0000000082900000| Untracked 
|  10|0x0000000082a00000, 0x0000000082b00000, 0x0000000082b00000|100%| O|  |TAMS 0x0000000082b00000, 0x0000000082a00000| Untracked 
|  11|0x0000000082b00000, 0x0000000082c00000, 0x0000000082c00000|100%| O|  |TAMS 0x0000000082c00000, 0x0000000082b00000| Untracked 
|  12|0x0000000082c00000, 0x0000000082d00000, 0x0000000082d00000|100%| O|  |TAMS 0x0000000082d00000, 0x0000000082c00000| Untracked 
|  13|0x0000000082d00000, 0x0000000082e00000, 0x0000000082e00000|100%| O|  |TAMS 0x0000000082e00000, 0x0000000082d00000| Untracked 
|  14|0x0000000082e00000, 0x0000000082f00000, 0x0000000082f00000|100%| O|  |TAMS 0x0000000082f00000, 0x0000000082e00000| Untracked 
|  15|0x0000000082f00000, 0x0000000083000000, 0x0000000083000000|100%| O|  |TAMS 0x0000000083000000, 0x0000000082f00000| Untracked 
|  16|0x0000000083000000, 0x0000000083100000, 0x0000000083100000|100%| O|  |TAMS 0x0000000083100000, 0x0000000083000000| Untracked 
|  17|0x0000000083100000, 0x0000000083200000, 0x0000000083200000|100%| O|  |TAMS 0x0000000083200000, 0x0000000083100000| Untracked 
|  18|0x0000000083200000, 0x0000000083300000, 0x0000000083300000|100%| O|  |TAMS 0x0000000083300000, 0x0000000083200000| Untracked 
|  19|0x0000000083300000, 0x0000000083400000, 0x0000000083400000|100%| O|  |TAMS 0x0000000083400000, 0x0000000083300000| Untracked 
|  20|0x0000000083400000, 0x0000000083500000, 0x0000000083500000|100%| O|  |TAMS 0x0000000083500000, 0x0000000083400000| Untracked 
|  21|0x0000000083500000, 0x0000000083600000, 0x0000000083600000|100%| O|  |TAMS 0x0000000083600000, 0x0000000083500000| Untracked 
|  22|0x0000000083600000, 0x0000000083700000, 0x0000000083700000|100%| O|  |TAMS 0x0000000083700000, 0x0000000083600000| Untracked 
|  23|0x0000000083700000, 0x0000000083800000, 0x0000000083800000|100%| O|  |TAMS 0x0000000083800000, 0x0000000083700000| Untracked 
|  24|0x0000000083800000, 0x0000000083900000, 0x0000000083900000|100%| O|  |TAMS 0x0000000083825200, 0x0000000083800000| Untracked 
|  25|0x0000000083900000, 0x0000000083a00000, 0x0000000083a00000|100%| O|  |TAMS 0x0000000083900000, 0x0000000083900000| Untracked 
|  26|0x0000000083a00000, 0x0000000083b00000, 0x0000000083b00000|100%| O|  |TAMS 0x0000000083a00000, 0x0000000083a00000| Untracked 
|  27|0x0000000083b00000, 0x0000000083bbe400, 0x0000000083c00000| 74%| O|  |TAMS 0x0000000083b00000, 0x0000000083b00000| Untracked 
|  28|0x0000000083c00000, 0x0000000083c00000, 0x0000000083d00000|  0%| F|  |TAMS 0x0000000083c00000, 0x0000000083c00000| Untracked 
|  29|0x0000000083d00000, 0x0000000083d00000, 0x0000000083e00000|  0%| F|  |TAMS 0x0000000083d00000, 0x0000000083d00000| Untracked 
|  30|0x0000000083e00000, 0x0000000083e00000, 0x0000000083f00000|  0%| F|  |TAMS 0x0000000083e00000, 0x0000000083e00000| Untracked 
|  31|0x0000000083f00000, 0x0000000083f00000, 0x0000000084000000|  0%| F|  |TAMS 0x0000000083f00000, 0x0000000083f00000| Untracked 
|  32|0x0000000084000000, 0x0000000084000000, 0x0000000084100000|  0%| F|  |TAMS 0x0000000084000000, 0x0000000084000000| Untracked 
|  33|0x0000000084100000, 0x0000000084100000, 0x0000000084200000|  0%| F|  |TAMS 0x0000000084100000, 0x0000000084100000| Untracked 
|  34|0x0000000084200000, 0x0000000084200000, 0x0000000084300000|  0%| F|  |TAMS 0x0000000084200000, 0x0000000084200000| Untracked 
|  35|0x0000000084300000, 0x0000000084300000, 0x0000000084400000|  0%| F|  |TAMS 0x0000000084300000, 0x0000000084300000| Untracked 
|  36|0x0000000084400000, 0x0000000084400000, 0x0000000084500000|  0%| F|  |TAMS 0x0000000084400000, 0x0000000084400000| Untracked 
|  37|0x0000000084500000, 0x0000000084500000, 0x0000000084600000|  0%| F|  |TAMS 0x0000000084500000, 0x0000000084500000| Untracked 
|  38|0x0000000084600000, 0x0000000084608020, 0x0000000084700000|  3%| S|CS|TAMS 0x0000000084600000, 0x0000000084600000| Complete 
|  39|0x0000000084700000, 0x0000000084800000, 0x0000000084800000|100%| S|CS|TAMS 0x0000000084700000, 0x0000000084700000| Complete 
|  40|0x0000000084800000, 0x0000000084800000, 0x0000000084900000|  0%| F|  |TAMS 0x0000000084800000, 0x0000000084800000| Untracked 
|  41|0x0000000084900000, 0x00000000849d7108, 0x0000000084a00000| 84%| E|  |TAMS 0x0000000084900000, 0x0000000084900000| Complete 
|  42|0x0000000084a00000, 0x0000000084b00000, 0x0000000084b00000|100%| E|CS|TAMS 0x0000000084a00000, 0x0000000084a00000| Complete 
|  43|0x0000000084b00000, 0x0000000084c00000, 0x0000000084c00000|100%| E|CS|TAMS 0x0000000084b00000, 0x0000000084b00000| Complete 
|  44|0x0000000084c00000, 0x0000000084d00000, 0x0000000084d00000|100%| E|CS|TAMS 0x0000000084c00000, 0x0000000084c00000| Complete 
|  45|0x0000000084d00000, 0x0000000084e00000, 0x0000000084e00000|100%| E|CS|TAMS 0x0000000084d00000, 0x0000000084d00000| Complete 
|  46|0x0000000084e00000, 0x0000000084f00000, 0x0000000084f00000|100%| E|CS|TAMS 0x0000000084e00000, 0x0000000084e00000| Complete 
| 100|0x0000000088400000, 0x0000000088500000, 0x0000000088500000|100%| E|CS|TAMS 0x0000000088400000, 0x0000000088400000| Complete 
| 101|0x0000000088500000, 0x0000000088600000, 0x0000000088600000|100%| E|CS|TAMS 0x0000000088500000, 0x0000000088500000| Complete 
| 102|0x0000000088600000, 0x0000000088700000, 0x0000000088700000|100%| E|CS|TAMS 0x0000000088600000, 0x0000000088600000| Complete 
| 124|0x0000000089c00000, 0x0000000089d00000, 0x0000000089d00000|100%| E|CS|TAMS 0x0000000089c00000, 0x0000000089c00000| Complete 
| 125|0x0000000089d00000, 0x0000000089e00000, 0x0000000089e00000|100%| E|CS|TAMS 0x0000000089d00000, 0x0000000089d00000| Complete 

Card table byte_map: [0x000002d5af0f0000,0x000002d5af4e0000] _byte_map_base: 0x000002d5aece0000

Marking Bits (Prev, Next): (CMBitMap*) 0x000002d59c69e5c0, (CMBitMap*) 0x000002d59c69e580
 Prev Bits: [0x000002d5b1850000, 0x000002d5b37d0000)
 Next Bits: [0x000002d5af8d0000, 0x000002d5b1850000)

Polling page: 0x000002d59a490000

Metaspace:

Usage:
  Non-class:     66.24 MB used.
      Class:      9.86 MB used.
       Both:     76.10 MB used.

Virtual space:
  Non-class space:       72.00 MB reserved,      66.50 MB ( 92%) committed,  9 nodes.
      Class space:        1.00 GB reserved,      10.12 MB ( <1%) committed,  1 nodes.
             Both:        1.07 GB reserved,      76.62 MB (  7%) committed. 

Chunk freelists:
   Non-Class:  1.48 MB
       Class:  1.84 MB
        Both:  3.33 MB

MaxMetaspaceSize: unlimited
CompressedClassSpaceSize: 1.00 GB
Initial GC threshold: 21.00 MB
Current GC threshold: 119.00 MB
CDS: off
MetaspaceReclaimPolicy: balanced
 - commit_granule_bytes: 65536.
 - commit_granule_words: 8192.
 - virtual_space_node_default_size: 1048576.
 - enlarge_chunks_in_place: 1.
 - new_chunks_are_fully_committed: 0.
 - uncommit_free_chunks: 1.
 - use_allocation_guard: 0.
 - handle_deallocations: 1.


Internal statistics:

num_allocs_failed_limit: 9.
num_arena_births: 744.
num_arena_deaths: 0.
num_vsnodes_births: 10.
num_vsnodes_deaths: 0.
num_space_committed: 1226.
num_space_uncommitted: 0.
num_chunks_returned_to_freelist: 9.
num_chunks_taken_from_freelist: 3190.
num_chunk_merges: 9.
num_chunk_splits: 2283.
num_chunks_enlarged: 1779.
num_purges: 0.
num_inconsistent_stats: 0.

CodeHeap 'non-profiled nmethods': size=120000Kb used=3831Kb max_used=3831Kb free=116168Kb
 bounds [0x000002d5a77d0000, 0x000002d5a7b90000, 0x000002d5aed00000]
CodeHeap 'profiled nmethods': size=120000Kb used=11431Kb max_used=11554Kb free=108568Kb
 bounds [0x000002d59fd00000, 0x000002d5a0850000, 0x000002d5a7230000]
CodeHeap 'non-nmethods': size=5760Kb used=1365Kb max_used=1451Kb free=4394Kb
 bounds [0x000002d5a7230000, 0x000002d5a74a0000, 0x000002d5a77d0000]
 total_blobs=7006 nmethods=6307 adapters=609
 compilation: enabled
              stopped_count=0, restarted_count=0
 full_count=0

Compilation events (20 events):
Event: 813.583 Thread 0x000002d5b6826c90 7171       3       org.apache.tomcat.util.http.parser.Host$MessageBytesReader::read (34 bytes)
Event: 813.583 Thread 0x000002d5b6826c90 nmethod 7171 0x000002d5a0354990 code [0x000002d5a0354b40, 0x000002d5a0354cf8]
Event: 813.583 Thread 0x000002d5b6826c90 7173       3       java.nio.charset.CharsetDecoder::onUnmappableCharacter (26 bytes)
Event: 813.583 Thread 0x000002d5b6826c90 nmethod 7173 0x000002d5a0354390 code [0x000002d5a0354540, 0x000002d5a0354888]
Event: 813.584 Thread 0x000002d5b6826c90 7174       3       java.nio.charset.CharsetDecoder::implOnUnmappableCharacter (1 bytes)
Event: 813.584 Thread 0x000002d5b6826c90 nmethod 7174 0x000002d5a0354010 code [0x000002d5a03541a0, 0x000002d5a03542b8]
Event: 813.584 Thread 0x000002d5b6826c90 7172       1       org.apache.catalina.core.ContainerBase::getPipeline (5 bytes)
Event: 813.584 Thread 0x000002d5b6826c90 nmethod 7172 0x000002d5a7b8b290 code [0x000002d5a7b8b420, 0x000002d5a7b8b4f8]
Event: 813.615 Thread 0x000002d5b6826c90 7175       3       org.apache.tomcat.util.http.ValuesEnumerator::hasMoreElements (13 bytes)
Event: 813.616 Thread 0x000002d5b6826c90 nmethod 7175 0x000002d5a0353c90 code [0x000002d5a0353e20, 0x000002d5a0353f98]
Event: 813.675 Thread 0x000002d5b68261f0 7176   !   4       java.lang.reflect.Field::declaredAnnotations (82 bytes)
Event: 813.675 Thread 0x000002d5b6826c90 7177       1       java.lang.reflect.Parameter::getRealName (5 bytes)
Event: 813.675 Thread 0x000002d5b6826c90 nmethod 7177 0x000002d5a7b8b590 code [0x000002d5a7b8b720, 0x000002d5a7b8b7f8]
Event: 813.691 Thread 0x000002d5b6826c90 7178       1       com.fasterxml.jackson.databind.cfg.BaseSettings::getAnnotationIntrospector (5 bytes)
Event: 813.691 Thread 0x000002d5b6826c90 nmethod 7178 0x000002d5a7b8b890 code [0x000002d5a7b8ba20, 0x000002d5a7b8baf8]
Event: 813.691 Thread 0x000002d5b6826c90 7179       3       com.fasterxml.jackson.databind.cfg.MapperConfig::isEnabled (9 bytes)
Event: 813.691 Thread 0x000002d5b6826c90 nmethod 7179 0x000002d5a0353810 code [0x000002d5a03539a0, 0x000002d5a0353b78]
Event: 813.691 Thread 0x000002d5b6826c90 7180       3       com.fasterxml.jackson.databind.MapperFeature::enabledIn (17 bytes)
Event: 813.691 Thread 0x000002d5b6826c90 nmethod 7180 0x000002d5a0353490 code [0x000002d5a0353620, 0x000002d5a0353798]
Event: 813.704 Thread 0x000002d5b68261f0 nmethod 7176 0x000002d5a7b8bb90 code [0x000002d5a7b8be00, 0x000002d5a7b8d180]

GC Heap History (20 events):
Event: 8.886 GC heap before
{Heap before GC invocations=15 (full 0):
 garbage-first heap   total 46080K, used 24414K [0x0000000082000000, 0x0000000100000000)
  region size 1024K, 5 young (5120K), 1 survivors (1024K)
 Metaspace       used 59859K, committed 60288K, reserved 1105920K
  class space    used 7554K, committed 7808K, reserved 1048576K
}
Event: 8.888 GC heap after
{Heap after GC invocations=16 (full 0):
 garbage-first heap   total 46080K, used 21351K [0x0000000082000000, 0x0000000100000000)
  region size 1024K, 1 young (1024K), 1 survivors (1024K)
 Metaspace       used 59859K, committed 60288K, reserved 1105920K
  class space    used 7554K, committed 7808K, reserved 1048576K
}
Event: 9.245 GC heap before
{Heap before GC invocations=17 (full 0):
 garbage-first heap   total 46080K, used 35687K [0x0000000082000000, 0x0000000100000000)
  region size 1024K, 15 young (15360K), 1 survivors (1024K)
 Metaspace       used 62095K, committed 62592K, reserved 1105920K
  class space    used 7922K, committed 8192K, reserved 1048576K
}
Event: 9.247 GC heap after
{Heap after GC invocations=18 (full 0):
 garbage-first heap   total 46080K, used 22030K [0x0000000082000000, 0x0000000100000000)
  region size 1024K, 2 young (2048K), 2 survivors (2048K)
 Metaspace       used 62095K, committed 62592K, reserved 1105920K
  class space    used 7922K, committed 8192K, reserved 1048576K
}
Event: 23.708 GC heap before
{Heap before GC invocations=18 (full 0):
 garbage-first heap   total 46080K, used 36366K [0x0000000082000000, 0x0000000100000000)
  region size 1024K, 16 young (16384K), 2 survivors (2048K)
 Metaspace       used 64770K, committed 65280K, reserved 1105920K
  class space    used 8260K, committed 8512K, reserved 1048576K
}
Event: 23.715 GC heap after
{Heap after GC invocations=19 (full 0):
 garbage-first heap   total 46080K, used 23345K [0x0000000082000000, 0x0000000100000000)
  region size 1024K, 2 young (2048K), 2 survivors (2048K)
 Metaspace       used 64770K, committed 65280K, reserved 1105920K
  class space    used 8260K, committed 8512K, reserved 1048576K
}
Event: 24.049 GC heap before
{Heap before GC invocations=20 (full 0):
 garbage-first heap   total 46080K, used 36657K [0x0000000082000000, 0x0000000100000000)
  region size 1024K, 15 young (15360K), 2 survivors (2048K)
 Metaspace       used 66231K, committed 66752K, reserved 1114112K
  class space    used 8472K, committed 8704K, reserved 1048576K
}
Event: 24.054 GC heap after
{Heap after GC invocations=21 (full 0):
 garbage-first heap   total 46080K, used 24166K [0x0000000082000000, 0x0000000100000000)
  region size 1024K, 1 young (1024K), 1 survivors (1024K)
 Metaspace       used 66231K, committed 66752K, reserved 1114112K
  class space    used 8472K, committed 8704K, reserved 1048576K
}
Event: 24.177 GC heap before
{Heap before GC invocations=21 (full 0):
 garbage-first heap   total 46080K, used 36454K [0x0000000082000000, 0x0000000100000000)
  region size 1024K, 13 young (13312K), 1 survivors (1024K)
 Metaspace       used 66548K, committed 67008K, reserved 1114112K
  class space    used 8501K, committed 8704K, reserved 1048576K
}
Event: 24.180 GC heap after
{Heap after GC invocations=22 (full 0):
 garbage-first heap   total 46080K, used 24372K [0x0000000082000000, 0x0000000100000000)
  region size 1024K, 1 young (1024K), 1 survivors (1024K)
 Metaspace       used 66548K, committed 67008K, reserved 1114112K
  class space    used 8501K, committed 8704K, reserved 1048576K
}
Event: 24.420 GC heap before
{Heap before GC invocations=23 (full 0):
 garbage-first heap   total 51200K, used 35636K [0x0000000082000000, 0x0000000100000000)
  region size 1024K, 13 young (13312K), 1 survivors (1024K)
 Metaspace       used 67619K, committed 68032K, reserved 1114112K
  class space    used 8626K, committed 8832K, reserved 1048576K
}
Event: 24.423 GC heap after
{Heap after GC invocations=24 (full 0):
 garbage-first heap   total 51200K, used 24938K [0x0000000082000000, 0x0000000100000000)
  region size 1024K, 2 young (2048K), 2 survivors (2048K)
 Metaspace       used 67619K, committed 68032K, reserved 1114112K
  class space    used 8626K, committed 8832K, reserved 1048576K
}
Event: 24.675 GC heap before
{Heap before GC invocations=24 (full 0):
 garbage-first heap   total 51200K, used 40298K [0x0000000082000000, 0x0000000100000000)
  region size 1024K, 18 young (18432K), 2 survivors (2048K)
 Metaspace       used 69643K, committed 70080K, reserved 1114112K
  class space    used 9047K, committed 9280K, reserved 1048576K
}
Event: 24.680 GC heap after
{Heap after GC invocations=25 (full 0):
 garbage-first heap   total 51200K, used 25828K [0x0000000082000000, 0x0000000100000000)
  region size 1024K, 2 young (2048K), 2 survivors (2048K)
 Metaspace       used 69643K, committed 70080K, reserved 1114112K
  class space    used 9047K, committed 9280K, reserved 1048576K
}
Event: 25.023 GC heap before
{Heap before GC invocations=26 (full 0):
 garbage-first heap   total 51200K, used 42212K [0x0000000082000000, 0x0000000100000000)
  region size 1024K, 18 young (18432K), 2 survivors (2048K)
 Metaspace       used 70571K, committed 71040K, reserved 1114112K
  class space    used 9157K, committed 9408K, reserved 1048576K
}
Event: 25.028 GC heap after
{Heap after GC invocations=27 (full 0):
 garbage-first heap   total 51200K, used 26877K [0x0000000082000000, 0x0000000100000000)
  region size 1024K, 3 young (3072K), 3 survivors (3072K)
 Metaspace       used 70571K, committed 71040K, reserved 1114112K
  class space    used 9157K, committed 9408K, reserved 1048576K
}
Event: 25.677 GC heap before
{Heap before GC invocations=27 (full 0):
 garbage-first heap   total 51200K, used 41213K [0x0000000082000000, 0x0000000100000000)
  region size 1024K, 17 young (17408K), 3 survivors (3072K)
 Metaspace       used 72187K, committed 72704K, reserved 1114112K
  class space    used 9371K, committed 9600K, reserved 1048576K
}
Event: 25.688 GC heap after
{Heap after GC invocations=28 (full 0):
 garbage-first heap   total 51200K, used 28527K [0x0000000082000000, 0x0000000100000000)
  region size 1024K, 3 young (3072K), 3 survivors (3072K)
 Metaspace       used 72187K, committed 72704K, reserved 1114112K
  class space    used 9371K, committed 9600K, reserved 1048576K
}
Event: 34.430 GC heap before
{Heap before GC invocations=29 (full 0):
 garbage-first heap   total 53248K, used 40815K [0x0000000082000000, 0x0000000100000000)
  region size 1024K, 15 young (15360K), 3 survivors (3072K)
 Metaspace       used 75315K, committed 75904K, reserved 1122304K
  class space    used 9774K, committed 10048K, reserved 1048576K
}
Event: 34.437 GC heap after
{Heap after GC invocations=30 (full 0):
 garbage-first heap   total 53248K, used 29095K [0x0000000082000000, 0x0000000100000000)
  region size 1024K, 2 young (2048K), 2 survivors (2048K)
 Metaspace       used 75315K, committed 75904K, reserved 1122304K
  class space    used 9774K, committed 10048K, reserved 1048576K
}

Dll operation events (9 events):
Event: 0.011 Loaded shared library C:\Users\aclev\.p2\pool\plugins\org.eclipse.justj.openjdk.hotspot.jre.full.win32.x86_64_17.0.6.v20230204-1729\jre\bin\java.dll
Event: 0.259 Loaded shared library C:\Users\aclev\.p2\pool\plugins\org.eclipse.justj.openjdk.hotspot.jre.full.win32.x86_64_17.0.6.v20230204-1729\jre\bin\net.dll
Event: 0.261 Loaded shared library C:\Users\aclev\.p2\pool\plugins\org.eclipse.justj.openjdk.hotspot.jre.full.win32.x86_64_17.0.6.v20230204-1729\jre\bin\nio.dll
Event: 0.269 Loaded shared library C:\Users\aclev\.p2\pool\plugins\org.eclipse.justj.openjdk.hotspot.jre.full.win32.x86_64_17.0.6.v20230204-1729\jre\bin\zip.dll
Event: 0.428 Loaded shared library C:\Users\aclev\.p2\pool\plugins\org.eclipse.justj.openjdk.hotspot.jre.full.win32.x86_64_17.0.6.v20230204-1729\jre\bin\jimage.dll
Event: 1.408 Loaded shared library C:\Users\aclev\.p2\pool\plugins\org.eclipse.justj.openjdk.hotspot.jre.full.win32.x86_64_17.0.6.v20230204-1729\jre\bin\verify.dll
Event: 4.602 Loaded shared library C:\Users\aclev\.p2\pool\plugins\org.eclipse.justj.openjdk.hotspot.jre.full.win32.x86_64_17.0.6.v20230204-1729\jre\bin\sunmscapi.dll
Event: 4.630 Loaded shared library C:\Users\aclev\.p2\pool\plugins\org.eclipse.justj.openjdk.hotspot.jre.full.win32.x86_64_17.0.6.v20230204-1729\jre\bin\management.dll
Event: 4.633 Loaded shared library C:\Users\aclev\.p2\pool\plugins\org.eclipse.justj.openjdk.hotspot.jre.full.win32.x86_64_17.0.6.v20230204-1729\jre\bin\management_ext.dll

Deoptimization events (20 events):
Event: 34.594 Thread 0x000002d5b8580be0 Uncommon trap: trap_request=0xffffff45 fr.pc=0x000002d5a799f2fc relative=0x00000000000000fc
Event: 34.594 Thread 0x000002d5b8580be0 Uncommon trap: reason=unstable_if action=reinterpret pc=0x000002d5a799f2fc method=java.util.concurrent.ConcurrentHashMap.sumCount()J @ 41 c2
Event: 34.594 Thread 0x000002d5b8580be0 DEOPT PACKING pc=0x000002d5a799f2fc sp=0x000000dc0f0fc8d0
Event: 34.594 Thread 0x000002d5b8580be0 DEOPT UNPACKING pc=0x000002d5a72869a3 sp=0x000000dc0f0fc848 mode 2
Event: 34.597 Thread 0x000002d5b8581a50 Uncommon trap: trap_request=0xffffff45 fr.pc=0x000002d5a79b9abc relative=0x00000000000011fc
Event: 34.597 Thread 0x000002d5b8581a50 Uncommon trap: reason=unstable_if action=reinterpret pc=0x000002d5a79b9abc method=java.util.concurrent.ConcurrentHashMap.computeIfAbsent(Ljava/lang/Object;Ljava/util/function/Function;)Ljava/lang/Object; @ 279 c2
Event: 34.597 Thread 0x000002d5b8581a50 DEOPT PACKING pc=0x000002d5a79b9abc sp=0x000000dc0effda50
Event: 34.597 Thread 0x000002d5b8581a50 DEOPT UNPACKING pc=0x000002d5a72869a3 sp=0x000000dc0effd9d8 mode 2
Event: 34.604 Thread 0x000002d5b8581a50 Uncommon trap: trap_request=0xffffff45 fr.pc=0x000002d5a797feec relative=0x000000000000182c
Event: 34.604 Thread 0x000002d5b8581a50 Uncommon trap: reason=unstable_if action=reinterpret pc=0x000002d5a797feec method=org.springframework.util.ConcurrentReferenceHashMap$Segment.doTask(ILjava/lang/Object;Lorg/springframework/util/ConcurrentReferenceHashMap$Task;)Ljava/lang/Object; @ 89 c2
Event: 34.604 Thread 0x000002d5b8581a50 DEOPT PACKING pc=0x000002d5a797feec sp=0x000000dc0effb7e0
Event: 34.604 Thread 0x000002d5b8581a50 DEOPT UNPACKING pc=0x000002d5a72869a3 sp=0x000000dc0effb5e0 mode 2
Event: 34.605 Thread 0x000002d5b8581a50 Uncommon trap: trap_request=0xffffff45 fr.pc=0x000002d5a7affda8 relative=0x0000000000000d28
Event: 34.605 Thread 0x000002d5b8581a50 Uncommon trap: reason=unstable_if action=reinterpret pc=0x000002d5a7affda8 method=org.springframework.util.ConcurrentReferenceHashMap$Segment.doTask(ILjava/lang/Object;Lorg/springframework/util/ConcurrentReferenceHashMap$Task;)Ljava/lang/Object; @ 89 c2
Event: 34.605 Thread 0x000002d5b8581a50 DEOPT PACKING pc=0x000002d5a7affda8 sp=0x000000dc0effb8c0
Event: 34.605 Thread 0x000002d5b8581a50 DEOPT UNPACKING pc=0x000002d5a72869a3 sp=0x000000dc0effb6a8 mode 2
Event: 34.607 Thread 0x000002d5b8581a50 Uncommon trap: trap_request=0xffffff45 fr.pc=0x000002d5a7af57ec relative=0x0000000000000c0c
Event: 34.607 Thread 0x000002d5b8581a50 Uncommon trap: reason=unstable_if action=reinterpret pc=0x000002d5a7af57ec method=org.springframework.util.ConcurrentReferenceHashMap$Segment.doTask(ILjava/lang/Object;Lorg/springframework/util/ConcurrentReferenceHashMap$Task;)Ljava/lang/Object; @ 89 c2
Event: 34.607 Thread 0x000002d5b8581a50 DEOPT PACKING pc=0x000002d5a7af57ec sp=0x000000dc0effb740
Event: 34.607 Thread 0x000002d5b8581a50 DEOPT UNPACKING pc=0x000002d5a72869a3 sp=0x000000dc0effb540 mode 2

Classes unloaded (0 events):
No events

Classes redefined (0 events):
No events

Internal exceptions (20 events):
Event: 24.807 Thread 0x000002d59c643b20 Exception <a 'java/lang/reflect/InvocationTargetException'{0x000000008499df08}> (0x000000008499df08) 
thrown [s\src\hotspot\share\runtime\reflection.cpp, line 1121]
Event: 24.814 Thread 0x000002d59c643b20 Exception <a 'java/lang/NoSuchMethodError'{0x0000000084811e98}: 'java.lang.Object java.lang.invoke.DirectMethodHandle$Holder.newInvokeSpecial(java.lang.Object, java.lang.Object, java.lang.Object, java.lang.Object, java.lang.Object, java.lang.Object, java.lang.Object, java.lang.Object, java.lang.Object)'> (0x0000000084811e98) 
thrown [s\src\hotspot\share\interpreter\linkResolver.cpp, line 759]
Event: 24.815 Thread 0x000002d59c643b20 Exception <a 'java/lang/NoSuchMethodError'{0x0000000084816730}: 'java.lang.Object java.lang.invoke.Invokers$Holder.linkToTargetMethod(java.lang.Object, java.lang.Object, java.lang.Object, java.lang.Object, java.lang.Object, java.lang.Object, java.lang.Object, java.lang.Object, java.lang.Object)'> (0x0000000084816730) 
thrown [s\src\hotspot\share\interpreter\linkResolver.cpp, line 759]
Event: 25.064 Thread 0x000002d59c643b20 Exception <a 'java/lang/NoSuchMethodError'{0x0000000089c64718}: 'void java.lang.invoke.DirectMethodHandle$Holder.invokeVirtual(java.lang.Object, java.lang.Object, int)'> (0x0000000089c64718) 
thrown [s\src\hotspot\share\interpreter\linkResolver.cpp, line 759]
Event: 25.068 Thread 0x000002d59c643b20 Exception <a 'java/lang/NoSuchMethodError'{0x0000000089c7f340}: 'void java.lang.invoke.DirectMethodHandle$Holder.invokeVirtual(java.lang.Object, java.lang.Object, long)'> (0x0000000089c7f340) 
thrown [s\src\hotspot\share\interpreter\linkResolver.cpp, line 759]
Event: 25.393 Thread 0x000002d59c643b20 Exception <a 'java/lang/IncompatibleClassChangeError'{0x0000000084a72c00}: Found class java.lang.Object, but interface was expected> (0x0000000084a72c00) 
thrown [s\src\hotspot\share\interpreter\linkResolver.cpp, line 826]
Event: 25.540 Thread 0x000002d59c643b20 Implicit null exception at 0x000002d5a78eb940 to 0x000002d5a78ebb34
Event: 25.693 Thread 0x000002d59c643b20 Exception <a 'java/lang/NoSuchMethodError'{0x0000000089d0a470}: 'java.lang.Object java.lang.invoke.DirectMethodHandle$Holder.newInvokeSpecial(java.lang.Object, java.lang.Object, int, java.lang.Object, java.lang.Object)'> (0x0000000089d0a470) 
thrown [s\src\hotspot\share\interpreter\linkResolver.cpp, line 759]
Event: 25.694 Thread 0x000002d59c643b20 Exception <a 'java/lang/NoSuchMethodError'{0x0000000089d15ae8}: 'java.lang.Object java.lang.invoke.DirectMethodHandle$Holder.invokeSpecial(java.lang.Object, java.lang.Object, int, java.lang.Object, int, java.lang.Object)'> (0x0000000089d15ae8) 
thrown [s\src\hotspot\share\interpreter\linkResolver.cpp, line 759]
Event: 25.696 Thread 0x000002d59c643b20 Exception <a 'java/lang/NoSuchMethodError'{0x0000000089d1d8f0}: 'java.lang.Object java.lang.invoke.DirectMethodHandle$Holder.newInvokeSpecial(java.lang.Object, java.lang.Object, int, java.lang.Object, int)'> (0x0000000089d1d8f0) 
thrown [s\src\hotspot\share\interpreter\linkResolver.cpp, line 759]
Event: 25.697 Thread 0x000002d59c643b20 Exception <a 'java/lang/NoSuchMethodError'{0x0000000089d219f0}: 'java.lang.Object java.lang.invoke.DirectMethodHandle$Holder.invokeSpecial(java.lang.Object, java.lang.Object, java.lang.Object, int, java.lang.Object, int)'> (0x0000000089d219f0) 
thrown [s\src\hotspot\share\interpreter\linkResolver.cpp, line 759]
Event: 28.929 Thread 0x000002d59c643b20 Exception <a 'java/lang/IncompatibleClassChangeError'{0x0000000084d33518}: Found class java.lang.Object, but interface was expected> (0x0000000084d33518) 
thrown [s\src\hotspot\share\interpreter\linkResolver.cpp, line 826]
Event: 28.990 Thread 0x000002d59c643b20 Implicit null exception at 0x000002d5a78e43d2 to 0x000002d5a78e4530
Event: 29.356 Thread 0x000002d59c643b20 Exception <a 'java/lang/NoSuchMethodError'{0x0000000084cf5588}: 'void java.lang.invoke.DirectMethodHandle$Holder.invokeStatic(java.lang.Object, java.lang.Object, java.lang.Object, int, java.lang.Object)'> (0x0000000084cf5588) 
thrown [s\src\hotspot\share\interpreter\linkResolver.cpp, line 759]
Event: 34.288 Thread 0x000002d5b8580be0 Exception <a 'java/lang/NoSuchMethodError'{0x00000000849d6c60}: 'java.lang.Object java.lang.invoke.DirectMethodHandle$Holder.invokeSpecial(java.lang.Object, java.lang.Object, java.lang.Object, java.lang.Object, java.lang.Object, long)'> (0x00000000849d6c60) 
thrown [s\src\hotspot\share\interpreter\linkResolver.cpp, line 759]
Event: 34.289 Thread 0x000002d5b8580be0 Exception <a 'java/lang/NoSuchMethodError'{0x00000000849da6a0}: 'java.lang.Object java.lang.invoke.Invokers$Holder.linkToTargetMethod(java.lang.Object, java.lang.Object, java.lang.Object, long, java.lang.Object)'> (0x00000000849da6a0) 
thrown [s\src\hotspot\share\interpreter\linkResolver.cpp, line 759]
Event: 34.585 Thread 0x000002d5b8580be0 Implicit null exception at 0x000002d5a7a97de0 to 0x000002d5a7a9814b
Event: 34.594 Thread 0x000002d5b8580be0 Implicit null exception at 0x000002d5a799f260 to 0x000002d5a799f2dc
Event: 34.627 Thread 0x000002d5b8580be0 Exception <a 'java/lang/NoSuchMethodError'{0x0000000088683e78}: 'java.lang.Object java.lang.invoke.DirectMethodHandle$Holder.invokeInterface(java.lang.Object, java.lang.Object, java.lang.Object, java.lang.Object)'> (0x0000000088683e78) 
thrown [s\src\hotspot\share\interpreter\linkResolver.cpp, line 759]
Event: 34.627 Thread 0x000002d5b8581a50 Exception <a 'java/lang/NoSuchMethodError'{0x000000008867df40}: 'java.lang.Object java.lang.invoke.DirectMethodHandle$Holder.invokeInterface(java.lang.Object, java.lang.Object, java.lang.Object, java.lang.Object)'> (0x000000008867df40) 
thrown [s\src\hotspot\share\interpreter\linkResolver.cpp, line 759]

VM Operations (20 events):
Event: 318.401 Executing VM operation: Cleanup
Event: 318.402 Executing VM operation: Cleanup done
Event: 319.409 Executing VM operation: Cleanup
Event: 319.409 Executing VM operation: Cleanup done
Event: 420.947 Executing VM operation: Cleanup
Event: 420.947 Executing VM operation: Cleanup done
Event: 575.704 Executing VM operation: Cleanup
Event: 575.704 Executing VM operation: Cleanup done
Event: 586.758 Executing VM operation: Cleanup
Event: 586.758 Executing VM operation: Cleanup done
Event: 641.015 Executing VM operation: Cleanup
Event: 641.015 Executing VM operation: Cleanup done
Event: 656.123 Executing VM operation: Cleanup
Event: 656.123 Executing VM operation: Cleanup done
Event: 674.227 Executing VM operation: Cleanup
Event: 674.227 Executing VM operation: Cleanup done
Event: 676.241 Executing VM operation: Cleanup
Event: 676.241 Executing VM operation: Cleanup done
Event: 681.277 Executing VM operation: Cleanup
Event: 681.277 Executing VM operation: Cleanup done

Events (20 events):
Event: 34.420 loading class java/util/concurrent/locks/ReentrantReadWriteLock$Sync$HoldCounter
Event: 34.420 loading class java/util/concurrent/locks/ReentrantReadWriteLock$Sync$HoldCounter done
Event: 34.574 loading class java/time/format/DateTimeFormatterBuilder$ZoneTextPrinterParser
Event: 34.574 loading class java/time/format/DateTimeFormatterBuilder$ZoneTextPrinterParser done
Event: 34.575 loading class java/time/format/DateTimeFormatterBuilder$ReducedPrinterParser
Event: 34.575 loading class java/time/format/DateTimeFormatterBuilder$ReducedPrinterParser done
Event: 34.704 loading class java/util/OptionalLong
Event: 34.705 loading class java/util/OptionalLong done
Event: 34.705 loading class java/util/OptionalDouble
Event: 34.705 loading class java/util/OptionalDouble done
Event: 34.738 loading class java/util/stream/LongStream
Event: 34.739 loading class java/util/stream/LongStream done
Event: 34.739 loading class java/util/stream/DoubleStream
Event: 34.739 loading class java/util/stream/DoubleStream done
Event: 34.767 loading class org/w3c/dom/Node
Event: 34.767 loading class org/w3c/dom/Node done
Event: 34.767 loading class org/w3c/dom/Document
Event: 34.767 loading class org/w3c/dom/Document done
Event: 813.616 loading class java/io/PushbackInputStream
Event: 813.617 loading class java/io/PushbackInputStream done


Dynamic libraries:
0x00007ff7be450000 - 0x00007ff7be45e000 	C:\Users\aclev\.p2\pool\plugins\org.eclipse.justj.openjdk.hotspot.jre.full.win32.x86_64_17.0.6.v20230204-1729\jre\bin\javaw.exe
0x00007ffee5590000 - 0x00007ffee5788000 	C:\WINDOWS\SYSTEM32\ntdll.dll
0x00007ffee5140000 - 0x00007ffee51ff000 	C:\WINDOWS\System32\KERNEL32.DLL
0x00007ffee2f60000 - 0x00007ffee323a000 	C:\WINDOWS\System32\KERNELBASE.dll
0x00007ffee3330000 - 0x00007ffee3430000 	C:\WINDOWS\System32\ucrtbase.dll
0x00007ffeb7430000 - 0x00007ffeb7449000 	C:\Users\aclev\.p2\pool\plugins\org.eclipse.justj.openjdk.hotspot.jre.full.win32.x86_64_17.0.6.v20230204-1729\jre\bin\VCRUNTIME140.dll
0x00007ffeb73d0000 - 0x00007ffeb73e7000 	C:\Users\aclev\.p2\pool\plugins\org.eclipse.justj.openjdk.hotspot.jre.full.win32.x86_64_17.0.6.v20230204-1729\jre\bin\jli.dll
0x00007ffee45e0000 - 0x00007ffee477d000 	C:\WINDOWS\System32\USER32.dll
0x00007ffee2d10000 - 0x00007ffee2d32000 	C:\WINDOWS\System32\win32u.dll
0x00007ffec9990000 - 0x00007ffec9c2a000 	C:\WINDOWS\WinSxS\amd64_microsoft.windows.common-controls_6595b64144ccf1df_6.0.19041.1110_none_60b5254171f9507e\COMCTL32.dll
0x00007ffee3f70000 - 0x00007ffee3f9b000 	C:\WINDOWS\System32\GDI32.dll
0x00007ffee4320000 - 0x00007ffee43be000 	C:\WINDOWS\System32\msvcrt.dll
0x00007ffee3430000 - 0x00007ffee3540000 	C:\WINDOWS\System32\gdi32full.dll
0x00007ffee3290000 - 0x00007ffee332d000 	C:\WINDOWS\System32\msvcp_win.dll
0x00007ffee49b0000 - 0x00007ffee49e0000 	C:\WINDOWS\System32\IMM32.DLL
0x00007ffebfef0000 - 0x00007ffebfefc000 	C:\Users\aclev\.p2\pool\plugins\org.eclipse.justj.openjdk.hotspot.jre.full.win32.x86_64_17.0.6.v20230204-1729\jre\bin\vcruntime140_1.dll
0x00007ffea2a90000 - 0x00007ffea2b21000 	C:\Users\aclev\.p2\pool\plugins\org.eclipse.justj.openjdk.hotspot.jre.full.win32.x86_64_17.0.6.v20230204-1729\jre\bin\msvcp140.dll
0x00007ffe8fe50000 - 0x00007ffe90a97000 	C:\Users\aclev\.p2\pool\plugins\org.eclipse.justj.openjdk.hotspot.jre.full.win32.x86_64_17.0.6.v20230204-1729\jre\bin\server\jvm.dll
0x00007ffee4780000 - 0x00007ffee482e000 	C:\WINDOWS\System32\ADVAPI32.dll
0x00007ffee4280000 - 0x00007ffee431c000 	C:\WINDOWS\System32\sechost.dll
0x00007ffee5200000 - 0x00007ffee5326000 	C:\WINDOWS\System32\RPCRT4.dll
0x00007ffed9d60000 - 0x00007ffed9d87000 	C:\WINDOWS\SYSTEM32\WINMM.dll
0x00007ffedc950000 - 0x00007ffedc95a000 	C:\WINDOWS\SYSTEM32\VERSION.dll
0x00007ffedced0000 - 0x00007ffedced9000 	C:\WINDOWS\SYSTEM32\WSOCK32.dll
0x00007ffee48e0000 - 0x00007ffee494b000 	C:\WINDOWS\System32\WS2_32.dll
0x00007ffee0d00000 - 0x00007ffee0d12000 	C:\WINDOWS\SYSTEM32\kernel.appcore.dll
0x00007ffee00b0000 - 0x00007ffee00ba000 	C:\Users\aclev\.p2\pool\plugins\org.eclipse.justj.openjdk.hotspot.jre.full.win32.x86_64_17.0.6.v20230204-1729\jre\bin\jimage.dll
0x00007ffee09a0000 - 0x00007ffee0b84000 	C:\WINDOWS\SYSTEM32\DBGHELP.DLL
0x00007ffeb73f0000 - 0x00007ffeb7424000 	C:\WINDOWS\SYSTEM32\dbgcore.DLL
0x00007ffee2ed0000 - 0x00007ffee2f52000 	C:\WINDOWS\System32\bcryptPrimitives.dll
0x00007ffebc8c0000 - 0x00007ffebc8e5000 	C:\Users\aclev\.p2\pool\plugins\org.eclipse.justj.openjdk.hotspot.jre.full.win32.x86_64_17.0.6.v20230204-1729\jre\bin\java.dll
0x00007ffebc360000 - 0x00007ffebc378000 	C:\Users\aclev\.p2\pool\plugins\org.eclipse.justj.openjdk.hotspot.jre.full.win32.x86_64_17.0.6.v20230204-1729\jre\bin\zip.dll
0x00007ffee49f0000 - 0x00007ffee5134000 	C:\WINDOWS\System32\SHELL32.dll
0x00007ffee0d20000 - 0x00007ffee14b3000 	C:\WINDOWS\SYSTEM32\windows.storage.dll
0x00007ffee3c10000 - 0x00007ffee3f64000 	C:\WINDOWS\System32\combase.dll
0x00007ffee2540000 - 0x00007ffee256e000 	C:\WINDOWS\SYSTEM32\Wldp.dll
0x00007ffee5390000 - 0x00007ffee543d000 	C:\WINDOWS\System32\SHCORE.dll
0x00007ffee54f0000 - 0x00007ffee5545000 	C:\WINDOWS\System32\shlwapi.dll
0x00007ffee2be0000 - 0x00007ffee2bff000 	C:\WINDOWS\SYSTEM32\profapi.dll
0x00007ffebc190000 - 0x00007ffebc1a9000 	C:\Users\aclev\.p2\pool\plugins\org.eclipse.justj.openjdk.hotspot.jre.full.win32.x86_64_17.0.6.v20230204-1729\jre\bin\net.dll
0x00007ffed90a0000 - 0x00007ffed91aa000 	C:\WINDOWS\SYSTEM32\WINHTTP.dll
0x00007ffee2320000 - 0x00007ffee238a000 	C:\WINDOWS\system32\mswsock.dll
0x00007ffebb330000 - 0x00007ffebb345000 	C:\Users\aclev\.p2\pool\plugins\org.eclipse.justj.openjdk.hotspot.jre.full.win32.x86_64_17.0.6.v20230204-1729\jre\bin\nio.dll
0x00007ffee00a0000 - 0x00007ffee00b0000 	C:\Users\aclev\.p2\pool\plugins\org.eclipse.justj.openjdk.hotspot.jre.full.win32.x86_64_17.0.6.v20230204-1729\jre\bin\verify.dll
0x00007ffee26e0000 - 0x00007ffee26f8000 	C:\WINDOWS\SYSTEM32\CRYPTSP.dll
0x00007ffee1c60000 - 0x00007ffee1c94000 	C:\WINDOWS\system32\rsaenh.dll
0x00007ffee2ea0000 - 0x00007ffee2ec7000 	C:\WINDOWS\System32\bcrypt.dll
0x00007ffee2ba0000 - 0x00007ffee2bce000 	C:\WINDOWS\SYSTEM32\USERENV.dll
0x00007ffee24b0000 - 0x00007ffee24bc000 	C:\WINDOWS\SYSTEM32\CRYPTBASE.dll
0x00007ffee2030000 - 0x00007ffee206c000 	C:\WINDOWS\SYSTEM32\IPHLPAPI.DLL
0x00007ffee49e0000 - 0x00007ffee49e8000 	C:\WINDOWS\System32\NSI.dll
0x00007ffed6ba0000 - 0x00007ffed6bb7000 	C:\WINDOWS\SYSTEM32\dhcpcsvc6.DLL
0x00007ffed6b80000 - 0x00007ffed6b9d000 	C:\WINDOWS\SYSTEM32\dhcpcsvc.DLL
0x00007ffee2070000 - 0x00007ffee213b000 	C:\WINDOWS\SYSTEM32\DNSAPI.dll
0x00007ffec2d90000 - 0x00007ffec2d9e000 	C:\Users\aclev\.p2\pool\plugins\org.eclipse.justj.openjdk.hotspot.jre.full.win32.x86_64_17.0.6.v20230204-1729\jre\bin\sunmscapi.dll
0x00007ffee2d40000 - 0x00007ffee2e96000 	C:\WINDOWS\System32\CRYPT32.dll
0x00007ffee25b0000 - 0x00007ffee25d8000 	C:\WINDOWS\SYSTEM32\ncrypt.dll
0x00007ffee2570000 - 0x00007ffee25ab000 	C:\WINDOWS\SYSTEM32\NTASN1.dll
0x00007ffebf700000 - 0x00007ffebf709000 	C:\Users\aclev\.p2\pool\plugins\org.eclipse.justj.openjdk.hotspot.jre.full.win32.x86_64_17.0.6.v20230204-1729\jre\bin\management.dll
0x00007ffebe180000 - 0x00007ffebe18b000 	C:\Users\aclev\.p2\pool\plugins\org.eclipse.justj.openjdk.hotspot.jre.full.win32.x86_64_17.0.6.v20230204-1729\jre\bin\management_ext.dll
0x00007ffee41a0000 - 0x00007ffee41a8000 	C:\WINDOWS\System32\PSAPI.DLL
0x000000006c000000 - 0x000000006c026000 	C:\Program Files\Bonjour\mdnsNSP.dll
0x00007ffed62e0000 - 0x00007ffed62ea000 	C:\Windows\System32\rasadhlp.dll
0x00007ffed8890000 - 0x00007ffed8910000 	C:\WINDOWS\System32\fwpuclnt.dll
0x00007ffebce60000 - 0x00007ffebce67000 	C:\WINDOWS\system32\wshunix.dll

dbghelp: loaded successfully - version: 4.0.5 - missing functions: none
symbol engine: initialized successfully - sym options: 0x614 - pdb path: .;C:\Users\aclev\.p2\pool\plugins\org.eclipse.justj.openjdk.hotspot.jre.full.win32.x86_64_17.0.6.v20230204-1729\jre\bin;C:\WINDOWS\SYSTEM32;C:\WINDOWS\WinSxS\amd64_microsoft.windows.common-controls_6595b64144ccf1df_6.0.19041.1110_none_60b5254171f9507e;C:\Users\aclev\.p2\pool\plugins\org.eclipse.justj.openjdk.hotspot.jre.full.win32.x86_64_17.0.6.v20230204-1729\jre\bin\server;C:\Program Files\Bonjour

VM Arguments:
jvm_args: -Dfile.encoding=UTF-8 -XX:+ShowCodeDetailsInExceptionMessages 
java_command: com.shop.shoppingapp.ShoppingApplication
java_class_path (initial): C:\Users\aclev\OneDrive\Documents\GitHub\shopping-app\shopping-app-backend\target\classes;C:\Users\aclev\.m2\repository\org\springframework\boot\spring-boot-starter-data-jpa\3.0.5\spring-boot-starter-data-jpa-3.0.5.jar;C:\Users\aclev\.m2\repository\org\springframework\boot\spring-boot-starter-aop\3.0.5\spring-boot-starter-aop-3.0.5.jar;C:\Users\aclev\.m2\repository\org\springframework\spring-aop\6.0.7\spring-aop-6.0.7.jar;C:\Users\aclev\.m2\repository\org\aspectj\aspectjweaver\1.9.19\aspectjweaver-1.9.19.jar;C:\Users\aclev\.m2\repository\org\springframework\boot\spring-boot-starter-jdbc\3.0.5\spring-boot-starter-jdbc-3.0.5.jar;C:\Users\aclev\.m2\repository\com\zaxxer\HikariCP\5.0.1\HikariCP-5.0.1.jar;C:\Users\aclev\.m2\repository\org\springframework\spring-jdbc\6.0.7\spring-jdbc-6.0.7.jar;C:\Users\aclev\.m2\repository\org\hibernate\orm\hibernate-core\6.1.7.Final\hibernate-core-6.1.7.Final.jar;C:\Users\aclev\.m2\repository\jakarta\persistence\jakarta.persistence-api\3.1.0\jakarta.persistence-api-3.1.0.jar;C:\Users\aclev\.m2\repository\jakarta\transaction\jakarta.transaction-api\2.0.1\jakarta.transaction-api-2.0.1.jar;C:\Users\aclev\.m2\repository\org\jboss\logging\jboss-logging\3.5.0.Final\jboss-logging-3.5.0.Final.jar;C:\Users\aclev\.m2\repository\org\hibernate\common\hibernate-commons-annotations\6.0.6.Final\hibernate-commons-annotations-6.0.6.Final.jar;C:\Users\aclev\.m2\repository\org\jboss\jandex\2.4.2.Final\jandex-2.4.2.Final.jar;C:\Users\aclev\.m2\repository\com\fasterxml\classmate\1.5.1\classmate-1.5.1.jar;C:\Users\aclev\.m2\repository\net\bytebuddy\byte-buddy\1.12.23\byte-buddy-1.12.23.jar;C:\Users\aclev\.m2\repository\org\glassfish\jaxb\jaxb-runtime\4.0.2\jaxb-runtime-4.0.2.jar;C:\Users\aclev\.m2\repository\org\glassfish\jaxb\jaxb-core\4.0.2\jaxb-core-4.0.2.jar;C:\Users\aclev\.m2\repository\org\eclipse\angus\angus-activation\2.0.0\angus-activation-2.0.0.jar;C:\Users\aclev\.m2\repository\org\glassfish\jaxb\txw2\4.0.2\txw2-4.0.2.j
Launcher Type: SUN_STANDARD

[Global flags]
     intx CICompilerCount                          = 3                                         {product} {ergonomic}
     uint ConcGCThreads                            = 1                                         {product} {ergonomic}
     uint G1ConcRefinementThreads                  = 4                                         {product} {ergonomic}
   size_t G1HeapRegionSize                         = 1048576                                   {product} {ergonomic}
    uintx GCDrainStackTargetSize                   = 64                                        {product} {ergonomic}
   size_t InitialHeapSize                          = 132120576                                 {product} {ergonomic}
   size_t MarkStackSize                            = 4194304                                   {product} {ergonomic}
   size_t MaxHeapSize                              = 2113929216                                {product} {ergonomic}
   size_t MaxNewSize                               = 1267728384                                {product} {ergonomic}
   size_t MinHeapDeltaBytes                        = 1048576                                   {product} {ergonomic}
   size_t MinHeapSize                              = 8388608                                   {product} {ergonomic}
    uintx NonNMethodCodeHeapSize                   = 5832780                                {pd product} {ergonomic}
    uintx NonProfiledCodeHeapSize                  = 122912730                              {pd product} {ergonomic}
    uintx ProfiledCodeHeapSize                     = 122912730                              {pd product} {ergonomic}
    uintx ReservedCodeCacheSize                    = 251658240                              {pd product} {ergonomic}
     bool SegmentedCodeCache                       = true                                      {product} {ergonomic}
     bool ShowCodeDetailsInExceptionMessages       = true                                   {manageable} {command line}
   size_t SoftMaxHeapSize                          = 2113929216                             {manageable} {ergonomic}
     bool UseCompressedClassPointers               = true                           {product lp64_product} {ergonomic}
     bool UseCompressedOops                        = true                           {product lp64_product} {ergonomic}
     bool UseG1GC                                  = true                                      {product} {ergonomic}
     bool UseLargePagesIndividualAllocation        = false                                  {pd product} {ergonomic}

Logging:
Log output configuration:
 #0: stdout all=warning uptime,level,tags
 #1: stderr all=off uptime,level,tags

Environment Variables:
PATH=C:/Users/aclev/.p2/pool/plugins/org.eclipse.justj.openjdk.hotspot.jre.full.win32.x86_64_17.0.6.v20230204-1729/jre/bin/server;C:/Users/aclev/.p2/pool/plugins/org.eclipse.justj.openjdk.hotspot.jre.full.win32.x86_64_17.0.6.v20230204-1729/jre/bin;C:\Program Files\Common Files\Oracle\Java\javapath;C:\Program Files\Smart Projects\IsoBuster;C:\Program Files (x86)\Common Files\Oracle\Java\javapath;C:\WINDOWS\system32;C:\WINDOWS;C:\WINDOWS\System32\Wbem;C:\WINDOWS\System32\WindowsPowerShell\v1.0\;C:\WINDOWS\System32\OpenSSH\;C:\Program Files\PuTTY\;C:\Users\aclev\AppData\Roaming\nvm;C:\Program Files\nodejs;C:\D\dmd2\windows\bin;C:\msys64\mingw64\bin;C:\Program Files\dotnet\;C:\Program Files\Microsoft SQL Server\130\Tools\Binn\;C:\Program Files\Microsoft SQL Server\Client SDK\ODBC\170\Tools\Binn\;C:\Program Files\Microsoft SQL Server\150\Tools\Binn\;C:\Program Files (x86)\AOMEI\AOMEI Backupper\7.0.0;C:\Program Files\Git\cmd;C:\Program Files\gsudo\Current;C:\Program Files\Docker\Docker\resources\bin;%NVM_HOME%;%NVM_SYMLINK%;C:\Program Files\MySQL\MySQL Shell 8.0\bin\;C:\Users\aclev\AppData\Local\Microsoft\WindowsApps;C:\Users\aclev\AppData\Local\Programs\Microsoft VS Code\bin;C:\Users\aclev\AppData\Local\GitHubDesktop\bin;C:\Users\aclev\.dotnet\tools;C:\Program Files\PostgreSQL\15\bin;C:\Program Files\PostgreSQL\15\data;C:\Users\aclev\AppData\Roaming\nvm;C:\Program Files\nodejs;C:\Users\aclev\OneDrive\Desktop;
USERNAME=aclev
OS=Windows_NT
PROCESSOR_IDENTIFIER=Intel64 Family 6 Model 142 Stepping 9, GenuineIntel
TMP=C:\Users\aclev\AppData\Local\Temp
TEMP=C:\Users\aclev\AppData\Local\Temp



---------------  S Y S T E M  ---------------

OS:
 Windows 10 , 64 bit Build 19041 (10.0.19041.2788)
OS uptime: 3 days 4:47 hours
Hyper-V role detected

CPU: total 4 (initial active 4) (2 cores per cpu, 2 threads per core) family 6 model 142 stepping 9 microcode 0xc6, cx8, cmov, fxsr, ht, mmx, 3dnowpref, sse, sse2, sse3, ssse3, sse4.1, sse4.2, popcnt, lzcnt, tsc, tscinvbit, avx, avx2, aes, erms, clmul, bmi1, bmi2, adx, fma, vzeroupper, clflush, clflushopt, hv

Memory: 4k page, system-wide physical 8058M (128M free)
TotalPageFile size 9961M (AvailPageFile size 1M)
current process WorkingSet (physical memory assigned to process): 218M, peak: 267M
current process commit charge ("private bytes"): 240M, peak: 290M

vm_info: OpenJDK 64-Bit Server VM (17.0.6+10) for windows-amd64 JRE (17.0.6+10), built on Jan 18 2023 10:08:59 by "temurin" with MS VC++ 16.7 (VS2019)

END.
